<?xml version="1.0" encoding="UTF-8"?>
<!-- Generated by org.testng.reporters.JUnitReportReporter -->
<testsuite skipped="1" hostname="LAPTOP-1Q3NCJUG" name="TestScript.TestNGClass5" tests="1" failures="0" timestamp="27 Apr 2021 06:24:53 GMT" time="0.001" errors="0">
  <testcase name="TC_10" time="0.001" classname="TestScript.TestNGClass5">
    <skipped/>
  </testcase> <!-- TC_10 -->
</testsuite> <!-- TestScript.TestNGClass5 -->
