<?xml version="1.0" encoding="UTF-8"?>
<!-- Generated by org.testng.reporters.JUnitReportReporter -->
<testsuite skipped="0" hostname="LAPTOP-1Q3NCJUG" name="TestScript.sampe" tests="2" failures="0" timestamp="28 Apr 2021 11:09:35 GMT" time="0.048" errors="0">
  <testcase name="sam" time="0.019" classname="TestScript.sampe"/>
  <testcase name="sam" time="0.029" classname="TestScript.sampe"/>
</testsuite> <!-- TestScript.sampe -->
