<?xml version="1.0" encoding="UTF-8"?>
<!-- Generated by org.testng.reporters.JUnitReportReporter -->
<testsuite hostname="LAPTOP-1Q3NCJUG" name="TestScript.DemoForLister" tests="1" failures="0" timestamp="1 May 2021 15:12:33 GMT" time="34.188" errors="0">
  <testcase name="disp" time="34.188" classname="TestScript.DemoForLister"/>
</testsuite> <!-- TestScript.DemoForLister -->
