<?xml version="1.0" encoding="UTF-8"?>
<!-- Generated by org.testng.reporters.JUnitReportReporter -->
<testsuite hostname="LAPTOP-1Q3NCJUG" name="TestScript.TestNGClass1" tests="1" failures="0" timestamp="2 May 2021 10:38:04 GMT" time="39.935" errors="0">
  <testcase name="TC_6Test" time="39.935" classname="TestScript.TestNGClass1"/>
</testsuite> <!-- TestScript.TestNGClass1 -->
